lib/src/pdfnet-demo-utils/build/outputs/logs/manifest-merger-release-report.txt
-- Merging decision tree log ---
manifest
ADDED from src/main/AndroidManifest.xml:1:1-27:12
INJECTED from src/main/AndroidManifest.xml:1:1-27:12
INJECTED from src/main/AndroidManifest.xml:1:1-27:12
	package
		ADDED from src/main/AndroidManifest.xml:3:5-31
		INJECTED from src/main/AndroidManifest.xml
		INJECTED from src/main/AndroidManifest.xml
	xmlns:tools
		ADDED from src/main/AndroidManifest.xml:2:5-51
	xmlns:android
		ADDED from src/main/AndroidManifest.xml:1:11-69
application
ADDED from src/main/AndroidManifest.xml:5:5-26:19
provider#com.pdftron.demo.utils.PDFTronDemoInitializer
ADDED from src/main/AndroidManifest.xml:6:9-9:40
	android:authorities
		ADDED from src/main/AndroidManifest.xml:8:13-64
	android:exported
		ADDED from src/main/AndroidManifest.xml:9:13-37
	android:name
		ADDED from src/main/AndroidManifest.xml:7:13-57
provider#com.pdftron.pdf.utils.PDFTronToolsInitializer
ADDED from src/main/AndroidManifest.xml:11:9-14:35
	tools:node
		ADDED from src/main/AndroidManifest.xml:14:13-32
	android:authorities
		ADDED from src/main/AndroidManifest.xml:13:13-65
	android:name
		ADDED from src/main/AndroidManifest.xml:12:13-73
provider#com.pdftron.pdf.utils.ShareProvider
ADDED from src/main/AndroidManifest.xml:16:9-24:20
	android:grantUriPermissions
		ADDED from src/main/AndroidManifest.xml:20:13-47
	android:authorities
		ADDED from src/main/AndroidManifest.xml:18:13-72
	android:exported
		ADDED from src/main/AndroidManifest.xml:19:13-37
	android:name
		ADDED from src/main/AndroidManifest.xml:17:13-63
meta-data#android.support.FILE_PROVIDER_PATHS
ADDED from src/main/AndroidManifest.xml:21:13-23:58
	android:resource
		ADDED from src/main/AndroidManifest.xml:23:17-55
	android:name
		ADDED from src/main/AndroidManifest.xml:22:17-67
uses-sdk
INJECTED from src/main/AndroidManifest.xml reason: use-sdk injection requested
INJECTED from src/main/AndroidManifest.xml
INJECTED from src/main/AndroidManifest.xml
INJECTED from src/main/AndroidManifest.xml
INJECTED from src/main/AndroidManifest.xml
	android:targetSdkVersion
		INJECTED from src/main/AndroidManifest.xml
		ADDED from src/main/AndroidManifest.xml
		INJECTED from src/main/AndroidManifest.xml
	android:minSdkVersion
		INJECTED from src/main/AndroidManifest.xml
		ADDED from src/main/AndroidManifest.xml
		INJECTED from src/main/AndroidManifest.xml